<?xml version="1.0" encoding="UTF-8"?>
<testsuite xmlns:xsi="http://www.w3.org/2001/XMLSchema-instance" xsi:noNamespaceSchemaLocation="https://maven.apache.org/surefire/maven-surefire-plugin/xsd/surefire-test-report.xsd" name="com.qsy.os.common.exception.data.ModuleExceptionCodeUtilTest" time="0.052" tests="7" errors="0" skipped="0" failures="0">
  <properties>
[...]
</properties>
  <testcase name="should_throw_duplicate_module_id_exception_given_same_module_id_with_parent" classname="com.qsy.os.common.exception.data.ModuleExceptionCodeUtilTest$FindModuleExceptionCodeTest" time="0.007"/>
  <testcase name="should_throw_exception_code_absent_exception" classname="com.qsy.os.common.exception.data.ModuleExceptionCodeUtilTest$FindModuleExceptionCodeTest" time="0.002"/>
  <testcase name="should_throw_exception_code_invalid_exception" classname="com.qsy.os.common.exception.data.ModuleExceptionCodeUtilTest$FindModuleExceptionCodeTest" time="0.001"/>
  <testcase name="should_not_throw_exception_given_duplicate_exception_code_with_same_parent" classname="com.qsy.os.common.exception.data.ModuleExceptionCodeUtilTest$FindModuleExceptionCodeTest" time="0"/>
  <testcase name="should_throw_duplicate_module_id_exception_given_same_module_id_without_parent" classname="com.qsy.os.common.exception.data.ModuleExceptionCodeUtilTest$FindModuleExceptionCodeTest" time="0.001"/>
  <testcase name="should_throw_duplicate_exception_code_within_different_families_exception_without_parent" classname="com.qsy.os.common.exception.data.ModuleExceptionCodeUtilTest$FindModuleExceptionCodeTest" time="0.004"/>
  <testcase name="should_throw_duplicate_exception_code_within_different_families_exception_with_different_parent" classname="com.qsy.os.common.exception.data.ModuleExceptionCodeUtilTest$FindModuleExceptionCodeTest" time="0.035"/>
</testsuite>